<?xml version="1.0" encoding="utf-8"?><testsuites name="pytest tests"><testsuite name="pytest" errors="0" failures="0" skipped="0" tests="19" time="5.766" timestamp="2026-02-10T21:33:46.435931+00:00" hostname="agent-env-c42b3e8b-bbed-453f-88a0-88b639c21f08"><testcase classname="backend.tests.test_auth_and_products.TestAuthEndpoints" name="test_service_provider_login" time="0.335" /><testcase classname="backend.tests.test_auth_and_products.TestAuthEndpoints" name="test_vet_clinic_login" time="0.267" /><testcase classname="backend.tests.test_auth_and_products.TestAuthEndpoints" name="test_shelter_login" time="0.263" /><testcase classname="backend.tests.test_auth_and_products.TestAuthEndpoints" name="test_invalid_login" time="0.043" /><testcase classname="backend.tests.test_auth_and_products.TestVetClinicAPIs" name="test_get_vet_staff" time="0.304" /><testcase classname="backend.tests.test_auth_and_products.TestVetClinicAPIs" name="test_get_vet_patients" time="0.344" /><testcase classname="backend.tests.test_auth_and_products.TestVetClinicAPIs" name="test_get_vet_appointments" time="0.301" /><testcase classname="backend.tests.test_auth_and_products.TestVetClinicAPIs" name="test_get_vet_clients" time="0.302" /><testcase classname="backend.tests.test_auth_and_products.TestVetClinicAPIs" name="test_get_vet_dashboard_stats" time="0.312" /><testcase classname="backend.tests.test_auth_and_products.TestVetClinicAPIs" name="test_create_vet_staff" time="0.381" /><testcase classname="backend.tests.test_auth_and_products.TestShelterAPIs" name="test_get_shelter_animals" time="0.300" /><testcase classname="backend.tests.test_auth_and_products.TestShelterAPIs" name="test_get_shelter_volunteers" time="0.295" /><testcase classname="backend.tests.test_auth_and_products.TestShelterAPIs" name="test_get_shelter_tasks" time="0.296" /><testcase classname="backend.tests.test_auth_and_products.TestShelterAPIs" name="test_get_shelter_dashboard_stats" time="0.299" /><testcase classname="backend.tests.test_auth_and_products.TestShelterAPIs" name="test_create_shelter_animal" time="0.325" /><testcase classname="backend.tests.test_auth_and_products.TestShelterAPIs" name="test_create_shelter_volunteer" time="0.344" /><testcase classname="backend.tests.test_auth_and_products.TestServiceProviderAPIs" name="test_get_provider_profile" time="0.297" /><testcase classname="backend.tests.test_auth_and_products.TestServiceProviderAPIs" name="test_get_provider_dashboard_stats" time="0.324" /><testcase classname="backend.tests.test_auth_and_products.TestServiceProviderAPIs" name="test_get_provider_bookings" time="0.303" /></testsuite></testsuites>